# JRE version: Java(TM) SE Runtime Environment (8.0_60-b27) (build 1.8.0_60-b27)
# Java VM: Java HotSpot(TM) 64-Bit Server VM (25.60-b23 mixed mode bsd-amd64 compressed oops)
Heap:
 PSYoungGen      total 270848K, used 14849K [0x00000007aab00000, 0x00000007bcb80000, 0x00000007c0000000)
  eden space 247296K, 6% used [0x00000007aab00000,0x00000007ab980600,0x00000007b9c80000)
  from space 23552K, 0% used [0x00000007bb480000,0x00000007bb480000,0x00000007bcb80000)
  to   space 24064K, 0% used [0x00000007b9c80000,0x00000007b9c80000,0x00000007bb400000)
 ParOldGen       total 110592K, used 37513K [0x0000000780000000, 0x0000000786c00000, 0x00000007aab00000)
  object space 110592K, 33% used [0x0000000780000000,0x00000007824a24c8,0x0000000786c00000)
 Metaspace       used 57868K, capacity 62148K, committed 63448K, reserved 1103872K
  class space    used 7389K, capacity 8446K, committed 8704K, reserved 1048576K
GC Heap History (10 events):
Event: 2636.959 GC heap before
{Heap before GC invocations=45 (full 11):
 PSYoungGen      total 271872K, used 71949K [0x00000007aab00000, 0x00000007bdb00000, 0x00000007c0000000)
  eden space 258048K, 22% used [0x00000007aab00000,0x00000007ae406430,0x00000007ba700000)
  from space 13824K, 98% used [0x00000007bb200000,0x00000007bbf3d2e8,0x00000007bbf80000)
  to   space 26624K, 0% used [0x00000007bc100000,0x00000007bc100000,0x00000007bdb00000)
 ParOldGen       total 110592K, used 42831K [0x0000000780000000, 0x0000000786c00000, 0x00000007aab00000)
  object space 110592K, 38% used [0x0000000780000000,0x00000007829d3d78,0x0000000786c00000)
 Metaspace       used 58446K, capacity 63164K, committed 63448K, reserved 1103872K
  class space    used 7524K, capacity 8627K, committed 8704K, reserved 1048576K
Event: 2636.965 GC heap after
Heap after GC invocations=45 (full 11):
 PSYoungGen      total 283648K, used 960K [0x00000007aab00000, 0x00000007bda00000, 0x00000007c0000000)
  eden space 258048K, 0% used [0x00000007aab00000,0x00000007aab00000,0x00000007ba700000)
  from space 25600K, 3% used [0x00000007bc100000,0x00000007bc1f0020,0x00000007bda00000)
  to   space 26112K, 0% used [0x00000007ba700000,0x00000007ba700000,0x00000007bc080000)
 ParOldGen       total 110592K, used 42831K [0x0000000780000000, 0x0000000786c00000, 0x00000007aab00000)
  object space 110592K, 38% used [0x0000000780000000,0x00000007829d3d78,0x0000000786c00000)
 Metaspace       used 58446K, capacity 63164K, committed 63448K, reserved 1103872K
  class space    used 7524K, capacity 8627K, committed 8704K, reserved 1048576K
}
Event: 2636.965 GC heap before
{Heap before GC invocations=46 (full 12):
 PSYoungGen      total 283648K, used 960K [0x00000007aab00000, 0x00000007bda00000, 0x00000007c0000000)
  eden space 258048K, 0% used [0x00000007aab00000,0x00000007aab00000,0x00000007ba700000)
  from space 25600K, 3% used [0x00000007bc100000,0x00000007bc1f0020,0x00000007bda00000)
  to   space 26112K, 0% used [0x00000007ba700000,0x00000007ba700000,0x00000007bc080000)
 ParOldGen       total 110592K, used 42831K [0x0000000780000000, 0x0000000786c00000, 0x00000007aab00000)
  object space 110592K, 38% used [0x0000000780000000,0x00000007829d3d78,0x0000000786c00000)
 Metaspace       used 58446K, capacity 63164K, committed 63448K, reserved 1103872K
  class space    used 7524K, capacity 8627K, committed 8704K, reserved 1048576K
Event: 2637.331 GC heap after
Heap after GC invocations=46 (full 12):
 PSYoungGen      total 283648K, used 0K [0x00000007aab00000, 0x00000007bda00000, 0x00000007c0000000)
  eden space 258048K, 0% used [0x00000007aab00000,0x00000007aab00000,0x00000007ba700000)
  from space 25600K, 0% used [0x00000007bc100000,0x00000007bc100000,0x00000007bda00000)
  to   space 26112K, 0% used [0x00000007ba700000,0x00000007ba700000,0x00000007bc080000)
 ParOldGen       total 110592K, used 41802K [0x0000000780000000, 0x0000000786c00000, 0x00000007aab00000)
  object space 110592K, 37% used [0x0000000780000000,0x00000007828d2b20,0x0000000786c00000)
 Metaspace       used 58372K, capacity 63044K, committed 63448K, reserved 1103872K
  class space    used 7513K, capacity 8607K, committed 8704K, reserved 1048576K
}
Event: 4584.926 GC heap before
{Heap before GC invocations=47 (full 12):
 PSYoungGen      total 283648K, used 258048K [0x00000007aab00000, 0x00000007bda00000, 0x00000007c0000000)
  eden space 258048K, 100% used [0x00000007aab00000,0x00000007ba700000,0x00000007ba700000)
  from space 25600K, 0% used [0x00000007bc100000,0x00000007bc100000,0x00000007bda00000)
  to   space 26112K, 0% used [0x00000007ba700000,0x00000007ba700000,0x00000007bc080000)
 ParOldGen       total 110592K, used 41802K [0x0000000780000000, 0x0000000786c00000, 0x00000007aab00000)
  object space 110592K, 37% used [0x0000000780000000,0x00000007828d2b20,0x0000000786c00000)
 Metaspace       used 58478K, capacity 63158K, committed 63448K, reserved 1103872K
  class space    used 7522K, capacity 8641K, committed 8704K, reserved 1048576K
Event: 4584.954 GC heap after
Heap after GC invocations=47 (full 12):
 PSYoungGen      total 254464K, used 7023K [0x00000007aab00000, 0x00000007bcc80000, 0x00000007c0000000)
  eden space 247296K, 0% used [0x00000007aab00000,0x00000007aab00000,0x00000007b9c80000)
  from space 7168K, 97% used [0x00000007ba700000,0x00000007baddbc60,0x00000007bae00000)
  to   space 24576K, 0% used [0x00000007bb480000,0x00000007bb480000,0x00000007bcc80000)
 ParOldGen       total 110592K, used 41810K [0x0000000780000000, 0x0000000786c00000, 0x00000007aab00000)
  object space 110592K, 37% used [0x0000000780000000,0x00000007828d4b20,0x0000000786c00000)
 Metaspace       used 58478K, capacity 63158K, committed 63448K, reserved 1103872K
  class space    used 7522K, capacity 8641K, committed 8704K, reserved 1048576K
}
Event: 4595.216 GC heap before
{Heap before GC invocations=48 (full 12):
 PSYoungGen      total 254464K, used 76453K [0x00000007aab00000, 0x00000007bcc80000, 0x00000007c0000000)
  eden space 247296K, 28% used [0x00000007aab00000,0x00000007aeecd8b0,0x00000007b9c80000)
  from space 7168K, 97% used [0x00000007ba700000,0x00000007baddbc60,0x00000007bae00000)
  to   space 24576K, 0% used [0x00000007bb480000,0x00000007bb480000,0x00000007bcc80000)
 ParOldGen       total 110592K, used 41810K [0x0000000780000000, 0x0000000786c00000, 0x00000007aab00000)
  object space 110592K, 37% used [0x0000000780000000,0x00000007828d4b20,0x0000000786c00000)
 Metaspace       used 58486K, capacity 63158K, committed 63448K, reserved 1103872K
  class space    used 7522K, capacity 8641K, committed 8704K, reserved 1048576K
Event: 4595.225 GC heap after
Heap after GC invocations=48 (full 12):
 PSYoungGen      total 270848K, used 752K [0x00000007aab00000, 0x00000007bcb80000, 0x00000007c0000000)
  eden space 247296K, 0% used [0x00000007aab00000,0x00000007aab00000,0x00000007b9c80000)
  from space 23552K, 3% used [0x00000007bb480000,0x00000007bb53c010,0x00000007bcb80000)
  to   space 24064K, 0% used [0x00000007b9c80000,0x00000007b9c80000,0x00000007bb400000)
 ParOldGen       total 110592K, used 41810K [0x0000000780000000, 0x0000000786c00000, 0x00000007aab00000)
  object space 110592K, 37% used [0x0000000780000000,0x00000007828d4b20,0x0000000786c00000)
 Metaspace       used 58486K, capacity 63158K, committed 63448K, reserved 1103872K
  class space    used 7522K, capacity 8641K, committed 8704K, reserved 1048576K
}
Event: 4595.225 GC heap before
{Heap before GC invocations=49 (full 13):
 PSYoungGen      total 270848K, used 752K [0x00000007aab00000, 0x00000007bcb80000, 0x00000007c0000000)
  eden space 247296K, 0% used [0x00000007aab00000,0x00000007aab00000,0x00000007b9c80000)
  from space 23552K, 3% used [0x00000007bb480000,0x00000007bb53c010,0x00000007bcb80000)
  to   space 24064K, 0% used [0x00000007b9c80000,0x00000007b9c80000,0x00000007bb400000)
 ParOldGen       total 110592K, used 41810K [0x0000000780000000, 0x0000000786c00000, 0x00000007aab00000)
  object space 110592K, 37% used [0x0000000780000000,0x00000007828d4b20,0x0000000786c00000)
 Metaspace       used 58486K, capacity 63158K, committed 63448K, reserved 1103872K
  class space    used 7522K, capacity 8641K, committed 8704K, reserved 1048576K
Event: 4595.656 GC heap after
Heap after GC invocations=49 (full 13):
 PSYoungGen      total 270848K, used 0K [0x00000007aab00000, 0x00000007bcb80000, 0x00000007c0000000)
  eden space 247296K, 0% used [0x00000007aab00000,0x00000007aab00000,0x00000007b9c80000)
  from space 23552K, 0% used [0x00000007bb480000,0x00000007bb480000,0x00000007bcb80000)
  to   space 24064K, 0% used [0x00000007b9c80000,0x00000007b9c80000,0x00000007bb400000)
 ParOldGen       total 110592K, used 37513K [0x0000000780000000, 0x0000000786c00000, 0x00000007aab00000)
  object space 110592K, 33% used [0x0000000780000000,0x00000007824a24c8,0x0000000786c00000)
 Metaspace       used 57724K, capacity 61854K, committed 63448K, reserved 1103872K
  class space    used 7368K, capacity 8382K, committed 8704K, reserved 1048576K
}

