# JRE version: Java(TM) SE Runtime Environment (8.0_60-b27) (build 1.8.0_60-b27)
# Java VM: Java HotSpot(TM) 64-Bit Server VM (25.60-b23 mixed mode bsd-amd64 compressed oops)
Heap:
 PSYoungGen      total 139264K, used 139238K [0x00000007aab00000, 0x00000007b4d00000, 0x00000007c0000000)
  eden space 124928K, 100% used [0x00000007aab00000,0x00000007b2500000,0x00000007b2500000)
  from space 14336K, 99% used [0x00000007b3700000,0x00000007b44f9a10,0x00000007b4500000)
  to   space 18432K, 99% used [0x00000007b2500000,0x00000007b36fbe38,0x00000007b3700000)
 ParOldGen       total 44032K, used 33895K [0x0000000780000000, 0x0000000782b00000, 0x00000007aab00000)
  object space 44032K, 76% used [0x0000000780000000,0x0000000782119ee8,0x0000000782b00000)
 Metaspace       used 6275K, capacity 7160K, committed 7296K, reserved 1056768K
  class space    used 610K, capacity 624K, committed 640K, reserved 1048576K
GC Heap History (10 events):
Event: 4.828 GC heap after
Heap after GC invocations=4 (full 0):
 PSYoungGen      total 35328K, used 2560K [0x00000007aab00000, 0x00000007ad000000, 0x00000007c0000000)
  eden space 32768K, 0% used [0x00000007aab00000,0x00000007aab00000,0x00000007acb00000)
  from space 2560K, 100% used [0x00000007acd80000,0x00000007ad000000,0x00000007ad000000)
  to   space 2560K, 0% used [0x00000007acb00000,0x00000007acb00000,0x00000007acd80000)
 ParOldGen       total 44032K, used 9398K [0x0000000780000000, 0x0000000782b00000, 0x00000007aab00000)
  object space 44032K, 21% used [0x0000000780000000,0x000000078092db60,0x0000000782b00000)
 Metaspace       used 5788K, capacity 6832K, committed 7040K, reserved 1056768K
  class space    used 589K, capacity 616K, committed 640K, reserved 1048576K
}
Event: 6.102 GC heap before
{Heap before GC invocations=5 (full 0):
 PSYoungGen      total 35328K, used 35328K [0x00000007aab00000, 0x00000007ad000000, 0x00000007c0000000)
  eden space 32768K, 100% used [0x00000007aab00000,0x00000007acb00000,0x00000007acb00000)
  from space 2560K, 100% used [0x00000007acd80000,0x00000007ad000000,0x00000007ad000000)
  to   space 2560K, 0% used [0x00000007acb00000,0x00000007acb00000,0x00000007acd80000)
 ParOldGen       total 44032K, used 9398K [0x0000000780000000, 0x0000000782b00000, 0x00000007aab00000)
  object space 44032K, 21% used [0x0000000780000000,0x000000078092db60,0x0000000782b00000)
 Metaspace       used 5814K, capacity 6832K, committed 7040K, reserved 1056768K
  class space    used 589K, capacity 616K, committed 640K, reserved 1048576K
Event: 6.139 GC heap after
Heap after GC invocations=5 (full 0):
 PSYoungGen      total 35328K, used 2546K [0x00000007aab00000, 0x00000007afa00000, 0x00000007c0000000)
  eden space 32768K, 0% used [0x00000007aab00000,0x00000007aab00000,0x00000007acb00000)
  from space 2560K, 99% used [0x00000007acb00000,0x00000007acd7cbe0,0x00000007acd80000)
  to   space 7680K, 0% used [0x00000007af280000,0x00000007af280000,0x00000007afa00000)
 ParOldGen       total 44032K, used 14869K [0x0000000780000000, 0x0000000782b00000, 0x00000007aab00000)
  object space 44032K, 33% used [0x0000000780000000,0x0000000780e85598,0x0000000782b00000)
 Metaspace       used 5814K, capacity 6832K, committed 7040K, reserved 1056768K
  class space    used 589K, capacity 616K, committed 640K, reserved 1048576K
}
Event: 7.155 GC heap before
{Heap before GC invocations=6 (full 0):
 PSYoungGen      total 35328K, used 35314K [0x00000007aab00000, 0x00000007afa00000, 0x00000007c0000000)
  eden space 32768K, 100% used [0x00000007aab00000,0x00000007acb00000,0x00000007acb00000)
  from space 2560K, 99% used [0x00000007acb00000,0x00000007acd7cbe0,0x00000007acd80000)
  to   space 7680K, 0% used [0x00000007af280000,0x00000007af280000,0x00000007afa00000)
 ParOldGen       total 44032K, used 14869K [0x0000000780000000, 0x0000000782b00000, 0x00000007aab00000)
  object space 44032K, 33% used [0x0000000780000000,0x0000000780e85598,0x0000000782b00000)
 Metaspace       used 5860K, capacity 6896K, committed 7040K, reserved 1056768K
  class space    used 589K, capacity 616K, committed 640K, reserved 1048576K
Event: 7.192 GC heap after
Heap after GC invocations=6 (full 0):
 PSYoungGen      total 72192K, used 7555K [0x00000007aab00000, 0x00000007afc00000, 0x00000007c0000000)
  eden space 64512K, 0% used [0x00000007aab00000,0x00000007aab00000,0x00000007aea00000)
  from space 7680K, 98% used [0x00000007af280000,0x00000007af9e0f78,0x00000007afa00000)
  to   space 8704K, 0% used [0x00000007aea00000,0x00000007aea00000,0x00000007af280000)
 ParOldGen       total 44032K, used 14869K [0x0000000780000000, 0x0000000782b00000, 0x00000007aab00000)
  object space 44032K, 33% used [0x0000000780000000,0x0000000780e85598,0x0000000782b00000)
 Metaspace       used 5860K, capacity 6896K, committed 7040K, reserved 1056768K
  class space    used 589K, capacity 616K, committed 640K, reserved 1048576K
}
Event: 8.724 GC heap before
{Heap before GC invocations=7 (full 0):
 PSYoungGen      total 72192K, used 72067K [0x00000007aab00000, 0x00000007afc00000, 0x00000007c0000000)
  eden space 64512K, 100% used [0x00000007aab00000,0x00000007aea00000,0x00000007aea00000)
  from space 7680K, 98% used [0x00000007af280000,0x00000007af9e0f78,0x00000007afa00000)
  to   space 8704K, 0% used [0x00000007aea00000,0x00000007aea00000,0x00000007af280000)
 ParOldGen       total 44032K, used 14869K [0x0000000780000000, 0x0000000782b00000, 0x00000007aab00000)
  object space 44032K, 33% used [0x0000000780000000,0x0000000780e85598,0x0000000782b00000)
 Metaspace       used 5917K, capacity 6960K, committed 7040K, reserved 1056768K
  class space    used 590K, capacity 616K, committed 640K, reserved 1048576K
Event: 8.796 GC heap after
Heap after GC invocations=7 (full 0):
 PSYoungGen      total 73216K, used 8700K [0x00000007aab00000, 0x00000007b4500000, 0x00000007c0000000)
  eden space 64512K, 0% used [0x00000007aab00000,0x00000007aab00000,0x00000007aea00000)
  from space 8704K, 99% used [0x00000007aea00000,0x00000007af27f3d8,0x00000007af280000)
  to   space 14336K, 0% used [0x00000007b3700000,0x00000007b3700000,0x00000007b4500000)
 ParOldGen       total 44032K, used 24609K [0x0000000780000000, 0x0000000782b00000, 0x00000007aab00000)
  object space 44032K, 55% used [0x0000000780000000,0x0000000781808590,0x0000000782b00000)
 Metaspace       used 5917K, capacity 6960K, committed 7040K, reserved 1056768K
  class space    used 590K, capacity 616K, committed 640K, reserved 1048576K
}
Event: 9.617 GC heap before
{Heap before GC invocations=8 (full 0):
 PSYoungGen      total 73216K, used 73212K [0x00000007aab00000, 0x00000007b4500000, 0x00000007c0000000)
  eden space 64512K, 100% used [0x00000007aab00000,0x00000007aea00000,0x00000007aea00000)
  from space 8704K, 99% used [0x00000007aea00000,0x00000007af27f3d8,0x00000007af280000)
  to   space 14336K, 0% used [0x00000007b3700000,0x00000007b3700000,0x00000007b4500000)
 ParOldGen       total 44032K, used 24609K [0x0000000780000000, 0x0000000782b00000, 0x00000007aab00000)
  object space 44032K, 55% used [0x0000000780000000,0x0000000781808590,0x0000000782b00000)
 Metaspace       used 6027K, capacity 7088K, committed 7296K, reserved 1056768K
  class space    used 590K, capacity 616K, committed 640K, reserved 1048576K
Event: 9.668 GC heap after
Heap after GC invocations=8 (full 0):
 PSYoungGen      total 139264K, used 14310K [0x00000007aab00000, 0x00000007b4d00000, 0x00000007c0000000)
  eden space 124928K, 0% used [0x00000007aab00000,0x00000007aab00000,0x00000007b2500000)
  from space 14336K, 99% used [0x00000007b3700000,0x00000007b44f9a10,0x00000007b4500000)
  to   space 18432K, 0% used [0x00000007b2500000,0x00000007b2500000,0x00000007b3700000)
 ParOldGen       total 44032K, used 28901K [0x0000000780000000, 0x0000000782b00000, 0x00000007aab00000)
  object space 44032K, 65% used [0x0000000780000000,0x0000000781c395b8,0x0000000782b00000)
 Metaspace       used 6027K, capacity 7088K, committed 7296K, reserved 1056768K
  class space    used 590K, capacity 616K, committed 640K, reserved 1048576K
}
Event: 11.024 GC heap before
{Heap before GC invocations=9 (full 0):
 PSYoungGen      total 139264K, used 139238K [0x00000007aab00000, 0x00000007b4d00000, 0x00000007c0000000)
  eden space 124928K, 100% used [0x00000007aab00000,0x00000007b2500000,0x00000007b2500000)
  from space 14336K, 99% used [0x00000007b3700000,0x00000007b44f9a10,0x00000007b4500000)
  to   space 18432K, 0% used [0x00000007b2500000,0x00000007b2500000,0x00000007b3700000)
 ParOldGen       total 44032K, used 28901K [0x0000000780000000, 0x0000000782b00000, 0x00000007aab00000)
  object space 44032K, 65% used [0x0000000780000000,0x0000000781c395b8,0x0000000782b00000)
 Metaspace       used 6275K, capacity 7160K, committed 7296K, reserved 1056768K
  class space    used 610K, capacity 624K, committed 640K, reserved 1048576K

