# JRE version: Java(TM) SE Runtime Environment (8.0_60-b27) (build 1.8.0_60-b27)
# Java VM: Java HotSpot(TM) 64-Bit Server VM (25.60-b23 mixed mode bsd-amd64 compressed oops)
Heap:
 PSYoungGen      total 226816K, used 110592K [0x00000007aab00000, 0x00000007c0000000, 0x00000007c0000000)
  eden space 110592K, 100% used [0x00000007aab00000,0x00000007b1700000,0x00000007b1700000)
  from space 116224K, 0% used [0x00000007b1700000,0x00000007b1700000,0x00000007b8880000)
  to   space 116224K, 21% used [0x00000007b8e80000,0x00000007ba7373a0,0x00000007c0000000)
 ParOldGen       total 377856K, used 371714K [0x0000000780000000, 0x0000000797100000, 0x00000007aab00000)
  object space 377856K, 98% used [0x0000000780000000,0x0000000796b00bb0,0x0000000797100000)
 Metaspace       used 6247K, capacity 7158K, committed 7296K, reserved 1056768K
  class space    used 603K, capacity 622K, committed 640K, reserved 1048576K
GC Heap History (10 events):
Event: 23.867 GC heap after
Heap after GC invocations=15 (full 3):
 PSYoungGen      total 195072K, used 23616K [0x00000007aab00000, 0x00000007bb680000, 0x00000007c0000000)
  eden space 131584K, 0% used [0x00000007aab00000,0x00000007aab00000,0x00000007b2b80000)
  from space 63488K, 37% used [0x00000007b7880000,0x00000007b8f903a8,0x00000007bb680000)
  to   space 71168K, 0% used [0x00000007b2b80000,0x00000007b2b80000,0x00000007b7100000)
 ParOldGen       total 361472K, used 217292K [0x0000000780000000, 0x0000000796100000, 0x00000007aab00000)
  object space 361472K, 60% used [0x0000000780000000,0x000000078d433258,0x0000000796100000)
 Metaspace       used 6201K, capacity 7158K, committed 7296K, reserved 1056768K
  class space    used 603K, capacity 622K, committed 640K, reserved 1048576K
}
Event: 25.190 GC heap before
{Heap before GC invocations=16 (full 3):
 PSYoungGen      total 195072K, used 155134K [0x00000007aab00000, 0x00000007bb680000, 0x00000007c0000000)
  eden space 131584K, 99% used [0x00000007aab00000,0x00000007b2b6f7c8,0x00000007b2b80000)
  from space 63488K, 37% used [0x00000007b7880000,0x00000007b8f903a8,0x00000007bb680000)
  to   space 71168K, 0% used [0x00000007b2b80000,0x00000007b2b80000,0x00000007b7100000)
 ParOldGen       total 361472K, used 217292K [0x0000000780000000, 0x0000000796100000, 0x00000007aab00000)
  object space 361472K, 60% used [0x0000000780000000,0x000000078d433258,0x0000000796100000)
 Metaspace       used 6247K, capacity 7158K, committed 7296K, reserved 1056768K
  class space    used 603K, capacity 622K, committed 640K, reserved 1048576K
Event: 25.517 GC heap after
Heap after GC invocations=16 (full 3):
 PSYoungGen      total 202752K, used 62549K [0x00000007aab00000, 0x00000007bd680000, 0x00000007c0000000)
  eden space 131584K, 0% used [0x00000007aab00000,0x00000007aab00000,0x00000007b2b80000)
  from space 71168K, 87% used [0x00000007b2b80000,0x00000007b6895748,0x00000007b7100000)
  to   space 79872K, 0% used [0x00000007b8880000,0x00000007b8880000,0x00000007bd680000)
 ParOldGen       total 361472K, used 217300K [0x0000000780000000, 0x0000000796100000, 0x00000007aab00000)
  object space 361472K, 60% used [0x0000000780000000,0x000000078d435258,0x0000000796100000)
 Metaspace       used 6247K, capacity 7158K, committed 7296K, reserved 1056768K
  class space    used 603K, capacity 622K, committed 640K, reserved 1048576K
}
Event: 27.536 GC heap before
{Heap before GC invocations=17 (full 3):
 PSYoungGen      total 202752K, used 194133K [0x00000007aab00000, 0x00000007bd680000, 0x00000007c0000000)
  eden space 131584K, 100% used [0x00000007aab00000,0x00000007b2b80000,0x00000007b2b80000)
  from space 71168K, 87% used [0x00000007b2b80000,0x00000007b6895748,0x00000007b7100000)
  to   space 79872K, 0% used [0x00000007b8880000,0x00000007b8880000,0x00000007bd680000)
 ParOldGen       total 361472K, used 217300K [0x0000000780000000, 0x0000000796100000, 0x00000007aab00000)
  object space 361472K, 60% used [0x0000000780000000,0x000000078d435258,0x0000000796100000)
 Metaspace       used 6247K, capacity 7158K, committed 7296K, reserved 1056768K
  class space    used 603K, capacity 622K, committed 640K, reserved 1048576K
Event: 28.129 GC heap after
Heap after GC invocations=17 (full 3):
 PSYoungGen      total 190464K, used 79866K [0x00000007aab00000, 0x00000007c0000000, 0x00000007c0000000)
  eden space 110592K, 0% used [0x00000007aab00000,0x00000007aab00000,0x00000007b1700000)
  from space 79872K, 99% used [0x00000007b8880000,0x00000007bd67ea60,0x00000007bd680000)
  to   space 116224K, 0% used [0x00000007b1700000,0x00000007b1700000,0x00000007b8880000)
 ParOldGen       total 361472K, used 280691K [0x0000000780000000, 0x0000000796100000, 0x00000007aab00000)
  object space 361472K, 77% used [0x0000000780000000,0x000000079121ccf0,0x0000000796100000)
 Metaspace       used 6247K, capacity 7158K, committed 7296K, reserved 1056768K
  class space    used 603K, capacity 622K, committed 640K, reserved 1048576K
}
Event: 28.722 GC heap before
{Heap before GC invocations=18 (full 3):
 PSYoungGen      total 190464K, used 190458K [0x00000007aab00000, 0x00000007c0000000, 0x00000007c0000000)
  eden space 110592K, 100% used [0x00000007aab00000,0x00000007b1700000,0x00000007b1700000)
  from space 79872K, 99% used [0x00000007b8880000,0x00000007bd67ea60,0x00000007bd680000)
  to   space 116224K, 0% used [0x00000007b1700000,0x00000007b1700000,0x00000007b8880000)
 ParOldGen       total 361472K, used 280691K [0x0000000780000000, 0x0000000796100000, 0x00000007aab00000)
  object space 361472K, 77% used [0x0000000780000000,0x000000079121ccf0,0x0000000796100000)
 Metaspace       used 6247K, capacity 7158K, committed 7296K, reserved 1056768K
  class space    used 603K, capacity 622K, committed 640K, reserved 1048576K
Event: 29.146 GC heap after
Heap after GC invocations=18 (full 3):
 PSYoungGen      total 226816K, used 100863K [0x00000007aab00000, 0x00000007c0000000, 0x00000007c0000000)
  eden space 110592K, 0% used [0x00000007aab00000,0x00000007aab00000,0x00000007b1700000)
  from space 116224K, 86% used [0x00000007b1700000,0x00000007b797fd90,0x00000007b8880000)
  to   space 116224K, 0% used [0x00000007b8e80000,0x00000007b8e80000,0x00000007c0000000)
 ParOldGen       total 361472K, used 298508K [0x0000000780000000, 0x0000000796100000, 0x00000007aab00000)
  object space 361472K, 82% used [0x0000000780000000,0x0000000792383140,0x0000000796100000)
 Metaspace       used 6247K, capacity 7158K, committed 7296K, reserved 1056768K
  class space    used 603K, capacity 622K, committed 640K, reserved 1048576K
}
Event: 29.146 GC heap before
{Heap before GC invocations=19 (full 4):
 PSYoungGen      total 226816K, used 100863K [0x00000007aab00000, 0x00000007c0000000, 0x00000007c0000000)
  eden space 110592K, 0% used [0x00000007aab00000,0x00000007aab00000,0x00000007b1700000)
  from space 116224K, 86% used [0x00000007b1700000,0x00000007b797fd90,0x00000007b8880000)
  to   space 116224K, 0% used [0x00000007b8e80000,0x00000007b8e80000,0x00000007c0000000)
 ParOldGen       total 361472K, used 298508K [0x0000000780000000, 0x0000000796100000, 0x00000007aab00000)
  object space 361472K, 82% used [0x0000000780000000,0x0000000792383140,0x0000000796100000)
 Metaspace       used 6247K, capacity 7158K, committed 7296K, reserved 1056768K
  class space    used 603K, capacity 622K, committed 640K, reserved 1048576K
Event: 31.624 GC heap after
Heap after GC invocations=19 (full 4):
 PSYoungGen      total 226816K, used 0K [0x00000007aab00000, 0x00000007c0000000, 0x00000007c0000000)
  eden space 110592K, 0% used [0x00000007aab00000,0x00000007aab00000,0x00000007b1700000)
  from space 116224K, 0% used [0x00000007b1700000,0x00000007b1700000,0x00000007b8880000)
  to   space 116224K, 0% used [0x00000007b8e80000,0x00000007b8e80000,0x00000007c0000000)
 ParOldGen       total 377856K, used 191609K [0x0000000780000000, 0x0000000797100000, 0x00000007aab00000)
  object space 377856K, 50% used [0x0000000780000000,0x000000078bb1e660,0x0000000797100000)
 Metaspace       used 6247K, capacity 7158K, committed 7296K, reserved 1056768K
  class space    used 603K, capacity 622K, committed 640K, reserved 1048576K
}
Event: 33.323 GC heap before
{Heap before GC invocations=20 (full 4):
 PSYoungGen      total 226816K, used 110592K [0x00000007aab00000, 0x00000007c0000000, 0x00000007c0000000)
  eden space 110592K, 100% used [0x00000007aab00000,0x00000007b1700000,0x00000007b1700000)
  from space 116224K, 0% used [0x00000007b1700000,0x00000007b1700000,0x00000007b8880000)
  to   space 116224K, 0% used [0x00000007b8e80000,0x00000007b8e80000,0x00000007c0000000)
 ParOldGen       total 377856K, used 191609K [0x0000000780000000, 0x0000000797100000, 0x00000007aab00000)
  object space 377856K, 50% used [0x0000000780000000,0x000000078bb1e660,0x0000000797100000)
 Metaspace       used 6247K, capacity 7158K, committed 7296K, reserved 1056768K
  class space    used 603K, capacity 622K, committed 640K, reserved 1048576K

